2025-02-22 14:03:19,858 - INFO - File is clean: /usr/lib/systemd/systemd
2025-02-22 14:03:19,875 - INFO - File is clean: /usr/lib/systemd/systemd-journald
2025-02-22 14:03:19,880 - INFO - File is clean: /usr/bin/udevadm
2025-02-22 14:03:19,884 - INFO - File is clean: /usr/sbin/haveged
2025-02-22 14:03:19,889 - INFO - File is clean: /usr/libexec/accounts-daemon
2025-02-22 14:03:19,893 - INFO - File is clean: /usr/bin/dbus-daemon
2025-02-22 14:03:19,896 - INFO - File is clean: /usr/lib/polkit-1/polkitd
2025-02-22 14:03:19,900 - INFO - File is clean: /usr/lib/systemd/systemd-logind
2025-02-22 14:03:19,942 - INFO - File is clean: /usr/sbin/ModemManager
2025-02-22 14:03:19,947 - INFO - File is clean: /usr/sbin/cron
2025-02-22 14:03:19,959 - INFO - File is clean: /usr/sbin/VBoxService
2025-02-22 14:03:20,006 - INFO - File is clean: /usr/sbin/NetworkManager
2025-02-22 14:03:20,011 - INFO - File is clean: /usr/sbin/lightdm
2025-02-22 14:03:20,034 - INFO - File is clean: /usr/lib/xorg/Xorg
2025-02-22 14:03:20,038 - INFO - File is clean: /usr/sbin/agetty
2025-02-22 14:03:20,039 - INFO - File is clean: /usr/libexec/rtkit-daemon
2025-02-22 14:03:20,040 - INFO - File is clean: /usr/sbin/lightdm
2025-02-22 14:03:20,041 - INFO - File is clean: /usr/lib/systemd/systemd
2025-02-22 14:03:20,042 - INFO - File is clean: /usr/lib/systemd/systemd-executor
2025-02-22 14:03:20,042 - INFO - File is clean: /usr/bin/pipewire
2025-02-22 14:03:20,043 - INFO - File is clean: /usr/bin/pipewire
2025-02-22 14:03:20,043 - INFO - File is clean: /usr/bin/wireplumber
2025-02-22 14:03:20,044 - INFO - File is clean: /usr/bin/pipewire
2025-02-22 14:03:20,056 - INFO - File is clean: /usr/bin/gnome-keyring-daemon
2025-02-22 14:03:20,057 - INFO - File is clean: /usr/bin/dbus-daemon
2025-02-22 14:03:20,060 - INFO - File is clean: /usr/bin/xfce4-session
2025-02-22 14:03:20,065 - INFO - File is clean: /usr/bin/VBoxClient
2025-02-22 14:03:20,066 - INFO - File is clean: /usr/bin/VBoxClient
2025-02-22 14:03:20,068 - INFO - File is clean: /usr/bin/VBoxClient
2025-02-22 14:03:20,070 - INFO - File is clean: /usr/bin/VBoxClient
2025-02-22 14:03:20,071 - INFO - File is clean: /usr/bin/VBoxClient
2025-02-22 14:03:20,072 - INFO - File is clean: /usr/bin/VBoxClient
2025-02-22 14:03:20,074 - INFO - File is clean: /usr/libexec/at-spi-bus-launcher
2025-02-22 14:03:20,074 - INFO - File is clean: /usr/bin/dbus-daemon
2025-02-22 14:03:20,075 - INFO - File is clean: /usr/libexec/at-spi2-registryd
2025-02-22 14:03:20,079 - INFO - File is clean: /usr/bin/ssh-agent
2025-02-22 14:03:20,082 - INFO - File is clean: /usr/bin/gpg-agent
2025-02-22 14:03:20,084 - INFO - File is clean: /usr/bin/xfwm4
2025-02-22 14:03:20,086 - INFO - File is clean: /usr/bin/VBoxClient
2025-02-22 14:03:20,087 - INFO - File is clean: /usr/bin/VBoxClient
2025-02-22 14:03:20,089 - INFO - File is clean: /usr/libexec/gvfsd
2025-02-22 14:03:20,089 - INFO - File is clean: /usr/libexec/gvfsd-fuse
2025-02-22 14:03:20,092 - INFO - File is clean: /usr/bin/xfsettingsd
2025-02-22 14:03:20,092 - INFO - File is clean: /usr/bin/xfce4-panel
2025-02-22 14:03:20,097 - INFO - File is clean: /usr/bin/thunar
2025-02-22 14:03:20,099 - INFO - File is clean: /usr/bin/xfdesktop
2025-02-22 14:03:20,100 - INFO - File is clean: /usr/lib/x86_64-linux-gnu/xfce4/panel/wrapper-2.0
2025-02-22 14:03:20,100 - INFO - File is clean: /usr/lib/x86_64-linux-gnu/xfce4/panel/wrapper-2.0
2025-02-22 14:03:20,100 - INFO - File is clean: /usr/lib/x86_64-linux-gnu/xfce4/panel/wrapper-2.0
2025-02-22 14:03:20,101 - INFO - File is clean: /usr/lib/x86_64-linux-gnu/xfce4/panel/wrapper-2.0
2025-02-22 14:03:20,101 - INFO - File is clean: /usr/lib/x86_64-linux-gnu/xfce4/panel/wrapper-2.0
2025-02-22 14:03:20,102 - INFO - File is clean: /usr/lib/x86_64-linux-gnu/xfce4/panel/wrapper-2.0
2025-02-22 14:03:20,102 - INFO - File is clean: /usr/lib/x86_64-linux-gnu/xfce4/panel/wrapper-2.0
2025-02-22 14:03:20,103 - INFO - File is clean: /usr/lib/x86_64-linux-gnu/xfce4/panel/wrapper-2.0
2025-02-22 14:03:20,104 - INFO - File is clean: /usr/libexec/upowerd
2025-02-22 14:03:20,105 - INFO - File is clean: /usr/lib/x86_64-linux-gnu/xfce4/notifyd/xfce4-notifyd
2025-02-22 14:03:20,105 - INFO - File is clean: /usr/libexec/polkit-mate-authentication-agent-1
2025-02-22 14:03:20,125 - INFO - File is clean: /usr/bin/python3.11
2025-02-22 14:03:20,126 - INFO - File is clean: /usr/bin/nm-applet
2025-02-22 14:03:20,126 - INFO - File is clean: /usr/libexec/geoclue-2.0/demos/agent
2025-02-22 14:03:20,127 - INFO - File is clean: /usr/bin/xfce4-power-manager
2025-02-22 14:03:20,127 - INFO - File is clean: /usr/bin/xiccd
2025-02-22 14:03:20,128 - INFO - File is clean: /usr/bin/light-locker
2025-02-22 14:03:20,139 - INFO - File is clean: /usr/bin/python3.11
2025-02-22 14:03:20,140 - INFO - File is clean: /usr/libexec/colord
2025-02-22 14:03:20,141 - INFO - File is clean: /usr/libexec/gvfs-udisks2-volume-monitor
2025-02-22 14:03:20,141 - INFO - File is clean: /usr/libexec/dconf-service
2025-02-22 14:03:20,142 - INFO - File is clean: /usr/bin/xcape
2025-02-22 14:03:20,143 - INFO - File is clean: /usr/libexec/udisks2/udisksd
2025-02-22 14:03:20,143 - INFO - File is clean: /usr/libexec/gvfs-afc-volume-monitor
2025-02-22 14:03:20,143 - INFO - File is clean: /usr/libexec/gvfs-goa-volume-monitor
2025-02-22 14:03:20,144 - INFO - File is clean: /usr/libexec/gvfs-gphoto2-volume-monitor
2025-02-22 14:03:20,144 - INFO - File is clean: /usr/libexec/gvfs-mtp-volume-monitor
2025-02-22 14:03:20,145 - INFO - File is clean: /usr/libexec/gvfsd-trash
2025-02-22 14:03:20,145 - INFO - File is clean: /usr/libexec/gvfsd-metadata
2025-02-22 14:03:20,146 - INFO - File is clean: /usr/libexec/bluetooth/obexd
2025-02-22 14:03:20,147 - INFO - File is clean: /usr/bin/qterminal
2025-02-22 14:03:20,148 - INFO - File is clean: /usr/bin/zsh
2025-02-22 14:03:20,149 - INFO - File is clean: /usr/bin/qterminal
2025-02-22 14:03:20,149 - INFO - File is clean: /usr/bin/dbus-launch
2025-02-22 14:03:20,150 - INFO - File is clean: /usr/bin/dbus-daemon
2025-02-22 14:03:20,151 - INFO - File is clean: /usr/bin/zsh
2025-02-22 14:03:20,163 - INFO - File is clean: /usr/bin/python3.11
2025-02-22 14:04:28,547 - INFO - File is clean: /usr/lib/x86_64-linux-gnu/xfce4/xfconf/xfconfd
2025-02-22 14:04:28,548 - INFO - File is clean: /usr/lib/x86_64-linux-gnu/tumbler-1/tumblerd
2025-02-22 14:04:33,573 - INFO - File is clean: /usr/libexec/gvfsd-computer
2025-02-22 14:07:01,529 - INFO - File is clean: /usr/bin/udevadm
2025-02-22 14:15:48,721 - INFO - File is clean: /usr/lib/systemd/systemd
2025-02-22 14:15:48,733 - INFO - File is clean: /usr/lib/systemd/systemd-journald
2025-02-22 14:15:48,750 - INFO - File is clean: /usr/bin/udevadm
2025-02-22 14:15:48,751 - INFO - File is clean: /usr/sbin/haveged
2025-02-22 14:15:48,752 - INFO - File is clean: /usr/libexec/accounts-daemon
2025-02-22 14:15:48,753 - INFO - File is clean: /usr/bin/dbus-daemon
2025-02-22 14:15:48,754 - INFO - File is clean: /usr/lib/polkit-1/polkitd
2025-02-22 14:15:48,755 - INFO - File is clean: /usr/lib/systemd/systemd-logind
2025-02-22 14:15:48,771 - INFO - File is clean: /usr/sbin/ModemManager
2025-02-22 14:15:48,773 - INFO - File is clean: /usr/sbin/cron
2025-02-22 14:15:48,784 - INFO - File is clean: /usr/sbin/VBoxService
2025-02-22 14:15:48,810 - INFO - File is clean: /usr/sbin/NetworkManager
2025-02-22 14:15:48,812 - INFO - File is clean: /usr/sbin/lightdm
2025-02-22 14:15:48,827 - INFO - File is clean: /usr/lib/xorg/Xorg
2025-02-22 14:15:48,830 - INFO - File is clean: /usr/sbin/agetty
2025-02-22 14:15:48,832 - INFO - File is clean: /usr/libexec/rtkit-daemon
2025-02-22 14:15:48,833 - INFO - File is clean: /usr/sbin/lightdm
2025-02-22 14:15:48,833 - INFO - File is clean: /usr/lib/systemd/systemd
2025-02-22 14:15:48,834 - INFO - File is clean: /usr/lib/systemd/systemd-executor
2025-02-22 14:15:48,834 - INFO - File is clean: /usr/bin/pipewire
2025-02-22 14:15:48,835 - INFO - File is clean: /usr/bin/pipewire
2025-02-22 14:15:48,835 - INFO - File is clean: /usr/bin/wireplumber
2025-02-22 14:15:48,835 - INFO - File is clean: /usr/bin/pipewire
2025-02-22 14:15:48,840 - INFO - File is clean: /usr/bin/gnome-keyring-daemon
2025-02-22 14:15:48,841 - INFO - File is clean: /usr/bin/dbus-daemon
2025-02-22 14:15:48,842 - INFO - File is clean: /usr/bin/xfce4-session
2025-02-22 14:15:48,844 - INFO - File is clean: /usr/bin/VBoxClient
2025-02-22 14:15:48,846 - INFO - File is clean: /usr/bin/VBoxClient
2025-02-22 14:15:48,848 - INFO - File is clean: /usr/bin/VBoxClient
2025-02-22 14:15:48,850 - INFO - File is clean: /usr/bin/VBoxClient
2025-02-22 14:15:48,851 - INFO - File is clean: /usr/bin/VBoxClient
2025-02-22 14:15:48,853 - INFO - File is clean: /usr/bin/VBoxClient
2025-02-22 14:15:48,853 - INFO - File is clean: /usr/libexec/at-spi-bus-launcher
2025-02-22 14:15:48,854 - INFO - File is clean: /usr/bin/dbus-daemon
2025-02-22 14:15:48,855 - INFO - File is clean: /usr/libexec/at-spi2-registryd
2025-02-22 14:15:48,856 - INFO - File is clean: /usr/bin/ssh-agent
2025-02-22 14:15:48,858 - INFO - File is clean: /usr/bin/gpg-agent
2025-02-22 14:15:48,859 - INFO - File is clean: /usr/bin/xfwm4
2025-02-22 14:15:48,861 - INFO - File is clean: /usr/bin/VBoxClient
2025-02-22 14:15:48,862 - INFO - File is clean: /usr/bin/VBoxClient
2025-02-22 14:15:48,862 - INFO - File is clean: /usr/libexec/gvfsd
2025-02-22 14:15:48,863 - INFO - File is clean: /usr/libexec/gvfsd-fuse
2025-02-22 14:15:48,864 - INFO - File is clean: /usr/bin/xfsettingsd
2025-02-22 14:15:48,865 - INFO - File is clean: /usr/bin/xfce4-panel
2025-02-22 14:15:48,867 - INFO - File is clean: /usr/bin/thunar
2025-02-22 14:15:48,869 - INFO - File is clean: /usr/bin/xfdesktop
2025-02-22 14:15:48,869 - INFO - File is clean: /usr/lib/x86_64-linux-gnu/xfce4/panel/wrapper-2.0
2025-02-22 14:15:48,869 - INFO - File is clean: /usr/lib/x86_64-linux-gnu/xfce4/panel/wrapper-2.0
2025-02-22 14:15:48,870 - INFO - File is clean: /usr/lib/x86_64-linux-gnu/xfce4/panel/wrapper-2.0
2025-02-22 14:15:48,870 - INFO - File is clean: /usr/lib/x86_64-linux-gnu/xfce4/panel/wrapper-2.0
2025-02-22 14:15:48,870 - INFO - File is clean: /usr/lib/x86_64-linux-gnu/xfce4/panel/wrapper-2.0
2025-02-22 14:15:48,870 - INFO - File is clean: /usr/lib/x86_64-linux-gnu/xfce4/panel/wrapper-2.0
2025-02-22 14:15:48,871 - INFO - File is clean: /usr/lib/x86_64-linux-gnu/xfce4/panel/wrapper-2.0
2025-02-22 14:15:48,871 - INFO - File is clean: /usr/lib/x86_64-linux-gnu/xfce4/panel/wrapper-2.0
2025-02-22 14:15:48,871 - INFO - File is clean: /usr/libexec/upowerd
2025-02-22 14:15:48,872 - INFO - File is clean: /usr/lib/x86_64-linux-gnu/xfce4/notifyd/xfce4-notifyd
2025-02-22 14:15:48,873 - INFO - File is clean: /usr/libexec/polkit-mate-authentication-agent-1
2025-02-22 14:15:48,897 - INFO - File is clean: /usr/bin/python3.11
2025-02-22 14:15:48,898 - INFO - File is clean: /usr/bin/nm-applet
2025-02-22 14:15:48,898 - INFO - File is clean: /usr/libexec/geoclue-2.0/demos/agent
2025-02-22 14:15:48,899 - INFO - File is clean: /usr/bin/xfce4-power-manager
2025-02-22 14:15:48,900 - INFO - File is clean: /usr/bin/xiccd
2025-02-22 14:15:48,900 - INFO - File is clean: /usr/bin/light-locker
2025-02-22 14:15:48,920 - INFO - File is clean: /usr/bin/python3.11
2025-02-22 14:15:48,921 - INFO - File is clean: /usr/libexec/colord
2025-02-22 14:15:48,922 - INFO - File is clean: /usr/libexec/gvfs-udisks2-volume-monitor
2025-02-22 14:15:48,922 - INFO - File is clean: /usr/libexec/dconf-service
2025-02-22 14:15:48,922 - INFO - File is clean: /usr/bin/xcape
2025-02-22 14:15:48,924 - INFO - File is clean: /usr/libexec/udisks2/udisksd
2025-02-22 14:15:48,924 - INFO - File is clean: /usr/libexec/gvfs-afc-volume-monitor
2025-02-22 14:15:48,925 - INFO - File is clean: /usr/libexec/gvfs-goa-volume-monitor
2025-02-22 14:15:48,925 - INFO - File is clean: /usr/libexec/gvfs-gphoto2-volume-monitor
2025-02-22 14:15:48,926 - INFO - File is clean: /usr/libexec/gvfs-mtp-volume-monitor
2025-02-22 14:15:48,926 - INFO - File is clean: /usr/libexec/gvfsd-trash
2025-02-22 14:15:48,926 - INFO - File is clean: /usr/libexec/gvfsd-metadata
2025-02-22 14:15:48,927 - INFO - File is clean: /usr/libexec/bluetooth/obexd
2025-02-22 14:15:48,929 - INFO - File is clean: /usr/bin/qterminal
2025-02-22 14:15:48,931 - INFO - File is clean: /usr/bin/zsh
2025-02-22 14:15:48,933 - INFO - File is clean: /usr/bin/qterminal
2025-02-22 14:15:48,933 - INFO - File is clean: /usr/bin/dbus-launch
2025-02-22 14:15:48,934 - INFO - File is clean: /usr/bin/dbus-daemon
2025-02-22 14:15:48,936 - INFO - File is clean: /usr/bin/zsh
2025-02-22 14:15:48,936 - INFO - File is clean: /usr/libexec/gvfsd-computer
2025-02-22 14:15:48,937 - INFO - File is clean: /usr/lib/x86_64-linux-gnu/xfce4/xfconf/xfconfd
2025-02-22 14:15:48,951 - INFO - File is clean: /usr/bin/python3.11
2025-02-22 14:17:09,551 - INFO - File is clean: /usr/bin/pkexec
2025-02-22 14:17:14,597 - INFO - File is clean: /usr/lib/polkit-1/polkit-agent-helper-1
2025-02-22 14:17:24,677 - INFO - File is clean: /usr/bin/zsh
2025-02-22 14:18:45,095 - INFO - File is clean: /usr/bin/dash
2025-02-22 14:20:33,327 - INFO - File is clean: /usr/bin/dash
2025-02-22 14:22:57,849 - INFO - File is clean: /usr/bin/dash
2025-02-22 14:23:38,264 - INFO - File is clean: /usr/lib/x86_64-linux-gnu/xfce4/xfconf/xfconfd
2025-02-22 14:40:42,912 - INFO - File is clean: /usr/lib/systemd/systemd
2025-02-22 14:40:42,920 - INFO - File is clean: /usr/lib/systemd/systemd-journald
2025-02-22 14:40:42,924 - INFO - File is clean: /usr/bin/udevadm
2025-02-22 14:40:42,924 - INFO - File is clean: /usr/sbin/haveged
2025-02-22 14:40:42,925 - INFO - File is clean: /usr/libexec/accounts-daemon
2025-02-22 14:40:42,926 - INFO - File is clean: /usr/bin/dbus-daemon
2025-02-22 14:40:42,926 - INFO - File is clean: /usr/lib/polkit-1/polkitd
2025-02-22 14:40:42,927 - INFO - File is clean: /usr/lib/systemd/systemd-logind
2025-02-22 14:40:42,935 - INFO - File is clean: /usr/sbin/ModemManager
2025-02-22 14:40:42,936 - INFO - File is clean: /usr/sbin/cron
2025-02-22 14:40:42,937 - INFO - File is clean: /usr/sbin/VBoxService
2025-02-22 14:40:42,958 - INFO - File is clean: /usr/sbin/NetworkManager
2025-02-22 14:40:42,960 - INFO - File is clean: /usr/sbin/lightdm
2025-02-22 14:40:42,967 - INFO - File is clean: /usr/lib/xorg/Xorg
2025-02-22 14:40:42,968 - INFO - File is clean: /usr/sbin/agetty
2025-02-22 14:40:42,968 - INFO - File is clean: /usr/libexec/rtkit-daemon
2025-02-22 14:40:42,969 - INFO - File is clean: /usr/sbin/lightdm
2025-02-22 14:40:42,970 - INFO - File is clean: /usr/lib/systemd/systemd
2025-02-22 14:40:42,977 - INFO - File is clean: /usr/lib/systemd/systemd-executor
2025-02-22 14:40:42,977 - INFO - File is clean: /usr/bin/pipewire
2025-02-22 14:40:42,978 - INFO - File is clean: /usr/bin/pipewire
2025-02-22 14:40:42,978 - INFO - File is clean: /usr/bin/wireplumber
2025-02-22 14:40:42,978 - INFO - File is clean: /usr/bin/pipewire
2025-02-22 14:40:42,982 - INFO - File is clean: /usr/bin/gnome-keyring-daemon
2025-02-22 14:40:42,984 - INFO - File is clean: /usr/bin/dbus-daemon
2025-02-22 14:40:42,984 - INFO - File is clean: /usr/bin/xfce4-session
2025-02-22 14:40:42,987 - INFO - File is clean: /usr/bin/VBoxClient
2025-02-22 14:40:42,989 - INFO - File is clean: /usr/bin/VBoxClient
2025-02-22 14:40:42,991 - INFO - File is clean: /usr/bin/VBoxClient
2025-02-22 14:40:42,992 - INFO - File is clean: /usr/bin/VBoxClient
2025-02-22 14:40:42,993 - INFO - File is clean: /usr/bin/VBoxClient
2025-02-22 14:40:42,995 - INFO - File is clean: /usr/bin/VBoxClient
2025-02-22 14:40:42,995 - INFO - File is clean: /usr/libexec/at-spi-bus-launcher
2025-02-22 14:40:42,996 - INFO - File is clean: /usr/bin/dbus-daemon
2025-02-22 14:40:42,997 - INFO - File is clean: /usr/libexec/at-spi2-registryd
2025-02-22 14:40:42,999 - INFO - File is clean: /usr/bin/ssh-agent
2025-02-22 14:40:43,000 - INFO - File is clean: /usr/bin/gpg-agent
2025-02-22 14:40:43,001 - INFO - File is clean: /usr/bin/xfwm4
2025-02-22 14:40:43,001 - INFO - File is clean: /usr/libexec/gvfsd
2025-02-22 14:40:43,001 - INFO - File is clean: /usr/libexec/gvfsd-fuse
2025-02-22 14:40:43,003 - INFO - File is clean: /usr/bin/VBoxClient
2025-02-22 14:40:43,004 - INFO - File is clean: /usr/bin/VBoxClient
2025-02-22 14:40:43,006 - INFO - File is clean: /usr/bin/xfsettingsd
2025-02-22 14:40:43,007 - INFO - File is clean: /usr/bin/xfce4-panel
2025-02-22 14:40:43,009 - INFO - File is clean: /usr/bin/thunar
2025-02-22 14:40:43,011 - INFO - File is clean: /usr/bin/xfdesktop
2025-02-22 14:40:43,012 - INFO - File is clean: /usr/lib/x86_64-linux-gnu/xfce4/panel/wrapper-2.0
2025-02-22 14:40:43,013 - INFO - File is clean: /usr/libexec/gvfs-udisks2-volume-monitor
2025-02-22 14:40:43,013 - INFO - File is clean: /usr/lib/x86_64-linux-gnu/xfce4/panel/wrapper-2.0
2025-02-22 14:40:43,013 - INFO - File is clean: /usr/lib/x86_64-linux-gnu/xfce4/panel/wrapper-2.0
2025-02-22 14:40:43,014 - INFO - File is clean: /usr/lib/x86_64-linux-gnu/xfce4/panel/wrapper-2.0
2025-02-22 14:40:43,015 - INFO - File is clean: /usr/libexec/udisks2/udisksd
2025-02-22 14:40:43,015 - INFO - File is clean: /usr/lib/x86_64-linux-gnu/xfce4/panel/wrapper-2.0
2025-02-22 14:40:43,015 - INFO - File is clean: /usr/lib/x86_64-linux-gnu/xfce4/panel/wrapper-2.0
2025-02-22 14:40:43,016 - INFO - File is clean: /usr/lib/x86_64-linux-gnu/xfce4/panel/wrapper-2.0
2025-02-22 14:40:43,016 - INFO - File is clean: /usr/lib/x86_64-linux-gnu/xfce4/panel/wrapper-2.0
2025-02-22 14:40:43,016 - INFO - File is clean: /usr/libexec/gvfs-afc-volume-monitor
2025-02-22 14:40:43,017 - INFO - File is clean: /usr/libexec/gvfs-goa-volume-monitor
2025-02-22 14:40:43,017 - INFO - File is clean: /usr/bin/xfce4-power-manager
2025-02-22 14:40:43,018 - INFO - File is clean: /usr/libexec/gvfs-gphoto2-volume-monitor
2025-02-22 14:40:43,019 - INFO - File is clean: /usr/libexec/upowerd
2025-02-22 14:40:43,019 - INFO - File is clean: /usr/libexec/gvfs-mtp-volume-monitor
2025-02-22 14:40:43,020 - INFO - File is clean: /usr/lib/x86_64-linux-gnu/xfce4/notifyd/xfce4-notifyd
2025-02-22 14:40:43,020 - INFO - File is clean: /usr/libexec/gvfsd-metadata
2025-02-22 14:40:43,021 - INFO - File is clean: /usr/libexec/gvfsd-trash
2025-02-22 14:40:43,021 - INFO - File is clean: /usr/libexec/polkit-mate-authentication-agent-1
2025-02-22 14:40:43,046 - INFO - File is clean: /usr/bin/python3.11
2025-02-22 14:40:43,047 - INFO - File is clean: /usr/bin/nm-applet
2025-02-22 14:40:43,048 - INFO - File is clean: /usr/libexec/geoclue-2.0/demos/agent
2025-02-22 14:40:43,049 - INFO - File is clean: /usr/bin/xiccd
2025-02-22 14:40:43,050 - INFO - File is clean: /usr/bin/light-locker
2025-02-22 14:40:43,062 - INFO - File is clean: /usr/bin/python3.11
2025-02-22 14:40:43,063 - INFO - File is clean: /usr/libexec/dconf-service
2025-02-22 14:40:43,064 - INFO - File is clean: /usr/libexec/colord
2025-02-22 14:40:43,064 - INFO - File is clean: /usr/bin/xcape
2025-02-22 14:40:43,066 - INFO - File is clean: /usr/libexec/bluetooth/obexd
2025-02-22 14:40:43,067 - INFO - File is clean: /usr/bin/qterminal
2025-02-22 14:40:43,069 - INFO - File is clean: /usr/bin/zsh
2025-02-22 14:40:43,071 - INFO - File is clean: /usr/bin/qterminal
2025-02-22 14:40:43,077 - INFO - File is clean: /usr/bin/zsh
2025-02-22 14:40:43,079 - INFO - File is clean: /usr/bin/qterminal
2025-02-22 14:40:43,079 - INFO - File is clean: /usr/bin/dbus-launch
2025-02-22 14:40:43,080 - INFO - File is clean: /usr/bin/dbus-daemon
2025-02-22 14:40:43,082 - INFO - File is clean: /usr/bin/zsh
2025-02-22 14:40:43,097 - INFO - File is clean: /usr/bin/python3.11
2025-02-22 14:41:08,914 - INFO - File is clean: /usr/bin/dash
2025-02-22 14:41:34,077 - INFO - File is clean: /usr/bin/dash
2025-02-22 14:42:24,797 - INFO - File is clean: /usr/bin/mousepad
